[0m[[0m[0mdebug[0m] [0m[0m> Exec(reload, None, None)[0m
[0m[[0m[0mdebug[0m] [0m[0m> Exec(sbtStashOnFailure, None, None)[0m
[0m[[0m[0mdebug[0m] [0m[0m> Exec(onFailure loadFailed, None, None)[0m
[0m[[0m[0mdebug[0m] [0m[0m> Exec(loadp, None, None)[0m
[0m[[0m[0minfo[0m] [0m[0mwelcome to sbt 1.7.1 (Private Build Java 11.0.15)[0m
[0m[[0m[0mdebug[0m] [0m[0m                Load.loadUnit: plugins took 4.921008ms[0m
[0m[[0m[0mdebug[0m] [0m[0m                Load.loadUnit: defsScala took 0.00232ms[0m
[0m[[0m[0mdebug[0m] [0m[0m[Loading] Scanning directory /home/chiconeli/.sbt/1.0/plugins[0m
[0m[[0m[0mdebug[0m] [0m[0m[Loading] Found non-root projects [0m
[0m[[0m[0mdebug[0m] [0m[0m[Loading] Done in /home/chiconeli/.sbt/1.0/plugins, returning: ()[0m
[0m[[0m[0mdebug[0m] [0m[0mdeducing auto plugins based on known facts Set(Atom(sbt.plugins.CorePlugin)) and clauses Clauses(Clause(Atom(sbt.plugins.JvmPlugin),Set(Atom(sbt.plugins.IvyPlugin)))[0m
[0m[[0m[0mdebug[0m] [0m[0mClause(Atom(sbt.ScriptedPlugin),Set(Atom(sbt.plugins.JvmPlugin)))[0m
[0m[[0m[0mdebug[0m] [0m[0mClause(Atom(sbt.plugins.SbtPlugin),Set(Atom(sbt.ScriptedPlugin)))[0m
[0m[[0m[0mdebug[0m] [0m[0mClause(Atom(sbt.plugins.SemanticdbPlugin),Set(Atom(sbt.plugins.JvmPlugin)))[0m
[0m[[0m[0mdebug[0m] [0m[0mClause(Atom(sbt.plugins.JUnitXmlReportPlugin),Set(Atom(sbt.plugins.JvmPlugin)))[0m
[0m[[0m[0mdebug[0m] [0m[0mClause(Atom(sbt.plugins.MiniDependencyTreePlugin),Set(Atom(sbt.plugins.JvmPlugin)))[0m
[0m[[0m[0mdebug[0m] [0m[0mClause(Atom(sbt.plugins.CorePlugin),Set(Atom(sbt.plugins.IvyPlugin)))[0m
[0m[[0m[0mdebug[0m] [0m[0mClause(Atom(sbt.plugins.IvyPlugin),Set(Atom(sbt.plugins.JvmPlugin)))[0m
[0m[[0m[0mdebug[0m] [0m[0mClause(Atom(sbt.plugins.JvmPlugin),Set(Atom(sbt.plugins.SemanticdbPlugin)))[0m
[0m[[0m[0mdebug[0m] [0m[0mClause(Atom(sbt.plugins.JvmPlugin),Set(Atom(sbt.plugins.JUnitXmlReportPlugin)))[0m
[0m[[0m[0mdebug[0m] [0m[0mClause(Atom(sbt.plugins.CorePlugin),Set(Atom(sbt.plugins.Giter8TemplatePlugin)))[0m
[0m[[0m[0mdebug[0m] [0m[0mClause(Atom(sbt.plugins.JvmPlugin),Set(Atom(sbt.plugins.MiniDependencyTreePlugin))))[0m
[0m[[0m[0mdebug[0m] [0m[0m  :: deduced result: Matched(sbt.plugins.CorePlugin,sbt.plugins.Giter8TemplatePlugin,sbt.plugins.IvyPlugin,sbt.plugins.JvmPlugin,sbt.plugins.MiniDependencyTreePlugin,sbt.plugins.JUnitXmlReportPlugin,sbt.plugins.SemanticdbPlugin)[0m
[0m[[0m[0mdebug[0m] [0m[0mPlugins.deducer#function took 0.577925 ms[0m
[0m[[0m[0mdebug[0m] [0m[0m                    Load.resolveProject(global-plugins) took 0.368703ms[0m
[0m[[0m[0mdebug[0m] [0m[0m                  Load.loadTransitive: finalizeProject(Project(id global-plugins, base: /home/chiconeli/.sbt/1.0/plugins, plugins: List(<none>))) took 1.138229ms[0m
[0m[[0m[0mdebug[0m] [0m[0m[Loading] Done in /home/chiconeli/.sbt/1.0/plugins, returning: (global-plugins)[0m
[0m[[0m[0mdebug[0m] [0m[0m                Load.loadUnit: loadedProjectsRaw took 1.481301ms[0m
[0m[[0m[0mdebug[0m] [0m[0m                Load.loadUnit: cleanEvalClasses took 0.00513ms[0m
[0m[[0m[0mdebug[0m] [0m[0m              Load.loadUnit(file:/home/chiconeli/.sbt/1.0/plugins/, ...) took 6.590641ms[0m
[0m[[0m[0mdebug[0m] [0m[0m            Load.apply: load took 7.119135ms[0m
[0m[[0m[0mdebug[0m] [0m[0m            Load.apply: resolveProjects took 0.05163ms[0m
[0m[[0m[0mdebug[0m] [0m[0m            Load.apply: finalTransforms took 2.086067ms[0m
[0m[[0m[0mdebug[0m] [0m[0m            Load.apply: config.delegates took 0.142911ms[0m
[0m[[0m[0mdebug[0m] [0m[0m            Load.apply: Def.make(settings)... took 27.379558ms[0m
[0m[[0m[0mdebug[0m] [0m[0m            Load.apply: structureIndex took 11.24183ms[0m
[0m[[0m[0mdebug[0m] [0m[0m            Load.apply: mkStreams took 0.00252ms[0m
[0m[[0m[0minfo[0m] [0m[0mloading global plugins from /home/chiconeli/.sbt/1.0/plugins[0m
[0m[[0m[0mdebug[0m] [0m[0mRunning task... Cancel: Signal, check cycles: false, forcegc: true[0m
[0m[[0m[0mdebug[0m] [0m[0m          Load.defaultLoad until apply took 114.004669ms[0m
[0m[[0m[0mdebug[0m] [0m[0m                    Load.loadUnit: plugins took 4.086442ms[0m
[0m[[0m[0mdebug[0m] [0m[0m                    Load.loadUnit: defsScala took 0.00183ms[0m
[0m[[0m[0mdebug[0m] [0m[0m[Loading] Scanning directory /home/chiconeli/IdeaProjects/Estudo_Selenium/project[0m
[0m[[0m[0mdebug[0m] [0m[0m                      Load.loadUnit: mkEval took 0.06839ms[0m
[0m[[0m[0mdebug[0m] [0m[0m[Loading] Found non-root projects [0m
[0m[[0m[0mdebug[0m] [0m[0m[Loading] Done in /home/chiconeli/IdeaProjects/Estudo_Selenium/project, returning: ()[0m
[0m[[0m[0mdebug[0m] [0m[0mdeducing auto plugins based on known facts Set(Atom(sbt.plugins.CorePlugin)) and clauses Clauses(Clause(Atom(sbt.plugins.JvmPlugin),Set(Atom(sbt.plugins.IvyPlugin)))[0m
[0m[[0m[0mdebug[0m] [0m[0mClause(Atom(sbt.ScriptedPlugin),Set(Atom(sbt.plugins.JvmPlugin)))[0m
[0m[[0m[0mdebug[0m] [0m[0mClause(Atom(sbt.plugins.SbtPlugin),Set(Atom(sbt.ScriptedPlugin)))[0m
[0m[[0m[0mdebug[0m] [0m[0mClause(Atom(sbt.plugins.SemanticdbPlugin),Set(Atom(sbt.plugins.JvmPlugin)))[0m
[0m[[0m[0mdebug[0m] [0m[0mClause(Atom(sbt.plugins.JUnitXmlReportPlugin),Set(Atom(sbt.plugins.JvmPlugin)))[0m
[0m[[0m[0mdebug[0m] [0m[0mClause(Atom(sbt.plugins.MiniDependencyTreePlugin),Set(Atom(sbt.plugins.JvmPlugin)))[0m
[0m[[0m[0mdebug[0m] [0m[0mClause(Atom(sbt.plugins.CorePlugin),Set(Atom(sbt.plugins.IvyPlugin)))[0m
[0m[[0m[0mdebug[0m] [0m[0mClause(Atom(sbt.plugins.IvyPlugin),Set(Atom(sbt.plugins.JvmPlugin)))[0m
[0m[[0m[0mdebug[0m] [0m[0mClause(Atom(sbt.plugins.JvmPlugin),Set(Atom(sbt.plugins.SemanticdbPlugin)))[0m
[0m[[0m[0mdebug[0m] [0m[0mClause(Atom(sbt.plugins.JvmPlugin),Set(Atom(sbt.plugins.JUnitXmlReportPlugin)))[0m
[0m[[0m[0mdebug[0m] [0m[0mClause(Atom(sbt.plugins.CorePlugin),Set(Atom(sbt.plugins.Giter8TemplatePlugin)))[0m
[0m[[0m[0mdebug[0m] [0m[0mClause(Atom(sbt.plugins.JvmPlugin),Set(Atom(sbt.plugins.MiniDependencyTreePlugin))))[0m
[0m[[0m[0mdebug[0m] [0m[0m  :: deduced result: Matched(sbt.plugins.CorePlugin,sbt.plugins.Giter8TemplatePlugin,sbt.plugins.IvyPlugin,sbt.plugins.JvmPlugin,sbt.plugins.MiniDependencyTreePlugin,sbt.plugins.JUnitXmlReportPlugin,sbt.plugins.SemanticdbPlugin)[0m
[0m[[0m[0mdebug[0m] [0m[0mPlugins.deducer#function took 0.294773 ms[0m
[0m[[0m[0minfo[0m] [0m[0mloading settings for project estudo_selenium-build from idea.sbt ...[0m
[0m[[0m[0mdebug[0m] [0m[0m                        Load.resolveProject(estudo_selenium-build) took 0.647315ms[0m
[0m[[0m[0mdebug[0m] [0m[0m                      Load.loadTransitive: finalizeProject(Project(id estudo_selenium-build, base: /home/chiconeli/IdeaProjects/Estudo_Selenium/project, plugins: List(<none>))) took 1.087628ms[0m
[0m[[0m[0mdebug[0m] [0m[0m[Loading] Done in /home/chiconeli/IdeaProjects/Estudo_Selenium/project, returning: (estudo_selenium-build)[0m
[0m[[0m[0mdebug[0m] [0m[0m                    Load.loadUnit: loadedProjectsRaw took 5.576704ms[0m
[0m[[0m[0mdebug[0m] [0m[0m                    Load.loadUnit: cleanEvalClasses took 0.184272ms[0m
[0m[[0m[0mdebug[0m] [0m[0m                  Load.loadUnit(file:/home/chiconeli/IdeaProjects/Estudo_Selenium/project/, ...) took 9.987299ms[0m
[0m[[0m[0mdebug[0m] [0m[0m                Load.apply: load took 10.345973ms[0m
[0m[[0m[0mdebug[0m] [0m[0m                Load.apply: resolveProjects took 0.102831ms[0m
[0m[[0m[0mdebug[0m] [0m[0m                Load.apply: finalTransforms took 1.849145ms[0m
[0m[[0m[0mdebug[0m] [0m[0m                Load.apply: config.delegates took 0.133351ms[0m
[0m[[0m[0mdebug[0m] [0m[0m                Load.apply: Def.make(settings)... took 21.398383ms[0m
[0m[[0m[0mdebug[0m] [0m[0m                Load.apply: structureIndex took 5.513724ms[0m
[0m[[0m[0mdebug[0m] [0m[0m                Load.apply: mkStreams took 0.00253ms[0m
[0m[[0m[0minfo[0m] [0m[0mloading project definition from /home/chiconeli/IdeaProjects/Estudo_Selenium/project[0m
[0m[[0m[0mdebug[0m] [0m[0mRunning task... Cancel: Signal, check cycles: false, forcegc: true[0m
[0m[[0m[0mdebug[0m] [0m[0m              Load.loadUnit: plugins took 106.203727ms[0m
[0m[[0m[0mdebug[0m] [0m[0m              Load.loadUnit: defsScala took 0.00236ms[0m
[0m[[0m[0mdebug[0m] [0m[0m[Loading] Scanning directory /home/chiconeli/IdeaProjects/Estudo_Selenium[0m
[0m[[0m[0mdebug[0m] [0m[0m                Load.loadUnit: mkEval took 0.097931ms[0m
[0m[[0m[0mdebug[0m] [0m[0m[Loading] Found root project root w/ remaining [0m
[0m[[0m[0mdebug[0m] [0m[0mdeducing auto plugins based on known facts Set(Atom(sbt.plugins.CorePlugin)) and clauses Clauses(Clause(Atom(sbt.plugins.JvmPlugin),Set(Atom(sbt.plugins.IvyPlugin)))[0m
[0m[[0m[0mdebug[0m] [0m[0mClause(Atom(sbt.ScriptedPlugin),Set(Atom(sbt.plugins.JvmPlugin)))[0m
[0m[[0m[0mdebug[0m] [0m[0mClause(Atom(sbt.plugins.SbtPlugin),Set(Atom(sbt.ScriptedPlugin)))[0m
[0m[[0m[0mdebug[0m] [0m[0mClause(Atom(sbt.plugins.SemanticdbPlugin),Set(Atom(sbt.plugins.JvmPlugin)))[0m
[0m[[0m[0mdebug[0m] [0m[0mClause(Atom(sbt.plugins.JUnitXmlReportPlugin),Set(Atom(sbt.plugins.JvmPlugin)))[0m
[0m[[0m[0mdebug[0m] [0m[0mClause(Atom(sbt.plugins.MiniDependencyTreePlugin),Set(Atom(sbt.plugins.JvmPlugin)))[0m
[0m[[0m[0mdebug[0m] [0m[0mClause(Atom(org.jetbrains.sbt.StructurePlugin),Set(Atom(sbt.plugins.JvmPlugin)))[0m
[0m[[0m[0mdebug[0m] [0m[0mClause(Atom(org.jetbrains.sbt.IdeaShellPlugin),Set(Atom(sbt.plugins.JvmPlugin)))[0m
[0m[[0m[0mdebug[0m] [0m[0mClause(Atom(org.jetbrains.sbt.indices.SbtIntellijIndicesPlugin),Set(Atom(sbt.plugins.JvmPlugin)))[0m
[0m[[0m[0mdebug[0m] [0m[0mClause(Atom(sbt.plugins.CorePlugin),Set(Atom(sbt.plugins.IvyPlugin)))[0m
[0m[[0m[0mdebug[0m] [0m[0mClause(Atom(sbt.plugins.IvyPlugin),Set(Atom(sbt.plugins.JvmPlugin)))[0m
[0m[[0m[0mdebug[0m] [0m[0mClause(Atom(sbt.plugins.JvmPlugin),Set(Atom(sbt.plugins.SemanticdbPlugin)))[0m
[0m[[0m[0mdebug[0m] [0m[0mClause(Atom(sbt.plugins.JvmPlugin),Set(Atom(sbt.plugins.JUnitXmlReportPlugin)))[0m
[0m[[0m[0mdebug[0m] [0m[0mClause(Atom(sbt.plugins.CorePlugin),Set(Atom(sbt.plugins.Giter8TemplatePlugin)))[0m
[0m[[0m[0mdebug[0m] [0m[0mClause(Atom(sbt.plugins.JvmPlugin),Set(Atom(sbt.plugins.MiniDependencyTreePlugin)))[0m
[0m[[0m[0mdebug[0m] [0m[0mClause(Atom(sbt.plugins.JvmPlugin),Set(Atom(org.jetbrains.sbt.StructurePlugin)))[0m
[0m[[0m[0mdebug[0m] [0m[0mClause(Atom(sbt.plugins.JvmPlugin),Set(Atom(org.jetbrains.sbt.IdeaShellPlugin)))[0m
[0m[[0m[0mdebug[0m] [0m[0mClause(And(Set(Atom(sbt.plugins.CorePlugin), Atom(sbt.plugins.JvmPlugin))),Set(Atom(org.jetbrains.sbt.indices.SbtIntellijIndicesPlugin))))[0m
[0m[[0m[0mdebug[0m] [0m[0m  :: deduced result: Matched(sbt.plugins.CorePlugin,sbt.plugins.Giter8TemplatePlugin,sbt.plugins.IvyPlugin,sbt.plugins.JvmPlugin,sbt.plugins.SemanticdbPlugin,org.jetbrains.sbt.indices.SbtIntellijIndicesPlugin,sbt.plugins.JUnitXmlReportPlugin,org.jetbrains.sbt.IdeaShellPlugin,org.jetbrains.sbt.StructurePlugin,sbt.plugins.MiniDependencyTreePlugin)[0m
[0m[[0m[0mdebug[0m] [0m[0mPlugins.deducer#function took 0.427053 ms[0m
[0m[[0m[0minfo[0m] [0m[0mloading settings for project root from build.sbt ...[0m
[0m[[0m[0mdebug[0m] [0m[0m                  Load.resolveProject(root) took 14.724679ms[0m
[0m[[0m[0mdebug[0m] [0m[0m                Load.loadTransitive: finalizeProject(Project(id root, base: /home/chiconeli/IdeaProjects/Estudo_Selenium, plugins: List(<none>))) took 15.400024ms[0m
[0m[[0m[0mdebug[0m] [0m[0m[Loading] Done in /home/chiconeli/IdeaProjects/Estudo_Selenium, returning: (root)[0m
[0m[[0m[0mdebug[0m] [0m[0m              Load.loadUnit: loadedProjectsRaw took 24.225852ms[0m
[0m[[0m[0mdebug[0m] [0m[0m              Load.loadUnit: cleanEvalClasses took 0.324742ms[0m
[0m[[0m[0mdebug[0m] [0m[0m            Load.loadUnit(file:/home/chiconeli/IdeaProjects/Estudo_Selenium/, ...) took 130.930714ms[0m
[0m[[0m[0mdebug[0m] [0m[0m          Load.apply: load took 131.402377ms[0m
[0m[[0m[0mdebug[0m] [0m[0m          Load.apply: resolveProjects took 0.04747ms[0m
[0m[[0m[0mdebug[0m] [0m[0m          Load.apply: finalTransforms took 5.874317ms[0m
[0m[[0m[0mdebug[0m] [0m[0m          Load.apply: config.delegates took 0.100321ms[0m
[0m[[0m[0mdebug[0m] [0m[0m          Load.apply: Def.make(settings)... took 29.467198ms[0m
[0m[[0m[0mdebug[0m] [0m[0m          Load.apply: structureIndex took 46.427245ms[0m
[0m[[0m[0mdebug[0m] [0m[0m          Load.apply: mkStreams took 0.00296ms[0m
[0m[[0m[0minfo[0m] [0m[0mset current project to Estudo_Selenium (in build file:/home/chiconeli/IdeaProjects/Estudo_Selenium/)[0m
[0m[[0m[0mdebug[0m] [0m[0m> Exec(sbtPopOnFailure, None, None)[0m
[0m[[0m[0mdebug[0m] [0m[0m> Exec(resumeFromFailure, None, None)[0m
[0m[[0m[0mdebug[0m] [0m[0m> Exec(idea-shell, None, None)[0m
